<?xml version="1.0" encoding="UTF-8"?>
<testng-results ignored="0" total="0" passed="0" failed="0" skipped="0">
  <reporter-output>
  </reporter-output>
  <suite started-at="2021-12-11T23:54:32 AST" name="Surefire suite" finished-at="2021-12-11T23:54:34 AST" duration-ms="1767">
    <groups>
    </groups>
    <test started-at="2021-12-11T23:54:32 AST" name="Surefire test" finished-at="2021-12-11T23:54:34 AST" duration-ms="1767">
    </test> <!-- Surefire test -->
  </suite> <!-- Surefire suite -->
</testng-results>
