<?xml version="1.0" encoding="UTF-8" standalone="no"?>
<testsuite errors="0" failures="3" name="io.cucumber.core.plugin.JUnitFormatter" skipped="0" tests="5" time="114.66">
    <testcase classname="TextBox" name="_2" time="24.042">
        <system-out>
            <![CDATA[Given demoqa anasayfaya gidin...............................................passed
Then elements butonuna basiniz..............................................passed
And textbox butonuna tiklayiniz.............................................passed
And Name  giriniz "ahmet"...................................................passed
And email giriniz "sa@gmail.com"............................................passed
And currentadres giriniz "adresim"..........................................passed
And PermanentAdres giriniz "yeni adres".....................................passed
And submit butonuna tiklayin................................................passed
Then isim onaylandigini dogrulayiniz "ahmet"................................passed
Then mail onaylandigini dogrulayiniz "sa@gmail.com".........................passed
Then currentadres onaylandigini dogrulayiniz "adresim"......................passed
Then permanentadres onaylandigini dogrulayiniz "yeni adres".................passed
]]>
        </system-out>
    </testcase>
    <testcase classname="TextBox" name="_3" time="11.418">
        <system-out>
            <![CDATA[Given demoqa anasayfaya gidin...............................................passed
Then elements butonuna basiniz..............................................passed
And textbox butonuna tiklayiniz.............................................passed
And Name  giriniz "rahmi"...................................................passed
And email giriniz "rahmi@gmail.com".........................................passed
And currentadres giriniz "adres2"...........................................passed
And PermanentAdres giriniz "aslan"..........................................passed
And submit butonuna tiklayin................................................passed
Then isim onaylandigini dogrulayiniz "rahmi"................................passed
Then mail onaylandigini dogrulayiniz "rahmi@gmail.com"......................passed
Then currentadres onaylandigini dogrulayiniz "adres2".......................passed
Then permanentadres onaylandigini dogrulayiniz "aslan"......................passed
]]>
        </system-out>
    </testcase>
    <testcase classname="TextBox" name="_4" time="29.21">
        <failure message="chrome not reachable&#10;  (Session info: chrome=96.0.4664.93)&#10;Build info: version: '3.141.59', revision: 'e82be7d358', time: '2018-11-14T08:17:03'&#10;System info: host: 'DESKTOP-OQC39B2', ip: '192.168.43.157', os.name: 'Windows 10', os.arch: 'amd64', os.version: '10.0', java.version: '11.0.12'&#10;Driver info: org.openqa.selenium.chrome.ChromeDriver&#10;Capabilities {acceptInsecureCerts: false, browserName: chrome, browserVersion: 96.0.4664.93, chrome: {chromedriverVersion: 96.0.4664.45 (76e4c1bb2ab46..., userDataDir: C:\Users\BESTTE~1\AppData\L...}, goog:chromeOptions: {debuggerAddress: localhost:60525}, javascriptEnabled: true, networkConnectionEnabled: false, pageLoadStrategy: normal, platform: WINDOWS, platformName: WINDOWS, proxy: Proxy(), setWindowRect: true, strictFileInteractability: false, timeouts: {implicit: 0, pageLoad: 300000, script: 30000}, unhandledPromptBehavior: dismiss and notify, webauthn:extension:credBlob: true, webauthn:extension:largeBlob: true, webauthn:virtualAuthenticators: true}&#10;Session ID: fc082c21c71a6b3498670f3d7b0eb274&#10;*** Element info: {Using=id, value=currentAddress}" type="org.openqa.selenium.WebDriverException">
            <![CDATA[Given demoqa anasayfaya gidin...............................................passed
Then elements butonuna basiniz..............................................passed
And textbox butonuna tiklayiniz.............................................passed
And Name  giriniz "nermin"..................................................passed
And email giriniz "mes@gmail.com"...........................................passed
And currentadres giriniz "adres3"...........................................failed
And PermanentAdres giriniz "kaplan".........................................skipped
And submit butonuna tiklayin................................................skipped
Then isim onaylandigini dogrulayiniz "nermin"...............................skipped
Then mail onaylandigini dogrulayiniz "mes@gmail.com"........................skipped
Then currentadres onaylandigini dogrulayiniz "adres3".......................skipped
Then permanentadres onaylandigini dogrulayiniz "kaplan".....................skipped

StackTrace:
org.openqa.selenium.WebDriverException: chrome not reachable
  (Session info: chrome=96.0.4664.93)
Build info: version: '3.141.59', revision: 'e82be7d358', time: '2018-11-14T08:17:03'
System info: host: 'DESKTOP-OQC39B2', ip: '192.168.43.157', os.name: 'Windows 10', os.arch: 'amd64', os.version: '10.0', java.version: '11.0.12'
Driver info: org.openqa.selenium.chrome.ChromeDriver
Capabilities {acceptInsecureCerts: false, browserName: chrome, browserVersion: 96.0.4664.93, chrome: {chromedriverVersion: 96.0.4664.45 (76e4c1bb2ab46..., userDataDir: C:\Users\BESTTE~1\AppData\L...}, goog:chromeOptions: {debuggerAddress: localhost:60525}, javascriptEnabled: true, networkConnectionEnabled: false, pageLoadStrategy: normal, platform: WINDOWS, platformName: WINDOWS, proxy: Proxy(), setWindowRect: true, strictFileInteractability: false, timeouts: {implicit: 0, pageLoad: 300000, script: 30000}, unhandledPromptBehavior: dismiss and notify, webauthn:extension:credBlob: true, webauthn:extension:largeBlob: true, webauthn:virtualAuthenticators: true}
Session ID: fc082c21c71a6b3498670f3d7b0eb274
*** Element info: {Using=id, value=currentAddress}
	at java.base/jdk.internal.reflect.NativeConstructorAccessorImpl.newInstance0(Native Method)
	at java.base/jdk.internal.reflect.NativeConstructorAccessorImpl.newInstance(NativeConstructorAccessorImpl.java:62)
	at java.base/jdk.internal.reflect.DelegatingConstructorAccessorImpl.newInstance(DelegatingConstructorAccessorImpl.java:45)
	at java.base/java.lang.reflect.Constructor.newInstance(Constructor.java:490)
	at org.openqa.selenium.remote.http.W3CHttpResponseCodec.createException(W3CHttpResponseCodec.java:187)
	at org.openqa.selenium.remote.http.W3CHttpResponseCodec.decode(W3CHttpResponseCodec.java:122)
	at org.openqa.selenium.remote.http.W3CHttpResponseCodec.decode(W3CHttpResponseCodec.java:49)
	at org.openqa.selenium.remote.HttpCommandExecutor.execute(HttpCommandExecutor.java:158)
	at org.openqa.selenium.remote.service.DriverCommandExecutor.execute(DriverCommandExecutor.java:83)
	at org.openqa.selenium.remote.RemoteWebDriver.execute(RemoteWebDriver.java:552)
	at org.openqa.selenium.remote.RemoteWebDriver.findElement(RemoteWebDriver.java:323)
	at org.openqa.selenium.remote.RemoteWebDriver.findElementById(RemoteWebDriver.java:372)
	at org.openqa.selenium.By$ById.findElement(By.java:188)
	at org.openqa.selenium.remote.RemoteWebDriver.findElement(RemoteWebDriver.java:315)
	at org.openqa.selenium.support.pagefactory.DefaultElementLocator.findElement(DefaultElementLocator.java:69)
	at org.openqa.selenium.support.pagefactory.internal.LocatingElementHandler.invoke(LocatingElementHandler.java:38)
	at com.sun.proxy.$Proxy20.sendKeys(Unknown Source)
	at stepDefinitions.US01_TextBoxStepDefinitions.currentadresGiriniz(US01_TextBoxStepDefinitions.java:86)
	at ✽.currentadres giriniz "adres3"(file:///C:/Users/BEST%20TECH/IdeaProjects/demoqaProject2/src/test/resources/features/US01_Textbox.feature:19)
]]>
        </failure>
    </testcase>
    <testcase classname="TextBox" name="_5" time="24.475">
        <failure message="chrome not reachable&#10;  (Session info: chrome=96.0.4664.93)&#10;Build info: version: '3.141.59', revision: 'e82be7d358', time: '2018-11-14T08:17:03'&#10;System info: host: 'DESKTOP-OQC39B2', ip: '192.168.43.157', os.name: 'Windows 10', os.arch: 'amd64', os.version: '10.0', java.version: '11.0.12'&#10;Driver info: org.openqa.selenium.chrome.ChromeDriver&#10;Capabilities {acceptInsecureCerts: false, browserName: chrome, browserVersion: 96.0.4664.93, chrome: {chromedriverVersion: 96.0.4664.45 (76e4c1bb2ab46..., userDataDir: C:\Users\BESTTE~1\AppData\L...}, goog:chromeOptions: {debuggerAddress: localhost:60525}, javascriptEnabled: true, networkConnectionEnabled: false, pageLoadStrategy: normal, platform: WINDOWS, platformName: WINDOWS, proxy: Proxy(), setWindowRect: true, strictFileInteractability: false, timeouts: {implicit: 0, pageLoad: 300000, script: 30000}, unhandledPromptBehavior: dismiss and notify, webauthn:extension:credBlob: true, webauthn:extension:largeBlob: true, webauthn:virtualAuthenticators: true}&#10;Session ID: fc082c21c71a6b3498670f3d7b0eb274" type="org.openqa.selenium.WebDriverException">
            <![CDATA[Given demoqa anasayfaya gidin...............................................failed
Then elements butonuna basiniz..............................................skipped
And textbox butonuna tiklayiniz.............................................skipped
And Name  giriniz "melik"...................................................skipped
And email giriniz "as@gmail.com"............................................skipped
And currentadres giriniz "12345"............................................skipped
And PermanentAdres giriniz "kedi"...........................................skipped
And submit butonuna tiklayin................................................skipped
Then isim onaylandigini dogrulayiniz "melik"................................skipped
Then mail onaylandigini dogrulayiniz "as@gmail.com".........................skipped
Then currentadres onaylandigini dogrulayiniz "12345"........................skipped
Then permanentadres onaylandigini dogrulayiniz "kedi".......................skipped

StackTrace:
org.openqa.selenium.WebDriverException: chrome not reachable
  (Session info: chrome=96.0.4664.93)
Build info: version: '3.141.59', revision: 'e82be7d358', time: '2018-11-14T08:17:03'
System info: host: 'DESKTOP-OQC39B2', ip: '192.168.43.157', os.name: 'Windows 10', os.arch: 'amd64', os.version: '10.0', java.version: '11.0.12'
Driver info: org.openqa.selenium.chrome.ChromeDriver
Capabilities {acceptInsecureCerts: false, browserName: chrome, browserVersion: 96.0.4664.93, chrome: {chromedriverVersion: 96.0.4664.45 (76e4c1bb2ab46..., userDataDir: C:\Users\BESTTE~1\AppData\L...}, goog:chromeOptions: {debuggerAddress: localhost:60525}, javascriptEnabled: true, networkConnectionEnabled: false, pageLoadStrategy: normal, platform: WINDOWS, platformName: WINDOWS, proxy: Proxy(), setWindowRect: true, strictFileInteractability: false, timeouts: {implicit: 0, pageLoad: 300000, script: 30000}, unhandledPromptBehavior: dismiss and notify, webauthn:extension:credBlob: true, webauthn:extension:largeBlob: true, webauthn:virtualAuthenticators: true}
Session ID: fc082c21c71a6b3498670f3d7b0eb274
	at java.base/jdk.internal.reflect.NativeConstructorAccessorImpl.newInstance0(Native Method)
	at java.base/jdk.internal.reflect.NativeConstructorAccessorImpl.newInstance(NativeConstructorAccessorImpl.java:62)
	at java.base/jdk.internal.reflect.DelegatingConstructorAccessorImpl.newInstance(DelegatingConstructorAccessorImpl.java:45)
	at java.base/java.lang.reflect.Constructor.newInstance(Constructor.java:490)
	at org.openqa.selenium.remote.http.W3CHttpResponseCodec.createException(W3CHttpResponseCodec.java:187)
	at org.openqa.selenium.remote.http.W3CHttpResponseCodec.decode(W3CHttpResponseCodec.java:122)
	at org.openqa.selenium.remote.http.W3CHttpResponseCodec.decode(W3CHttpResponseCodec.java:49)
	at org.openqa.selenium.remote.HttpCommandExecutor.execute(HttpCommandExecutor.java:158)
	at org.openqa.selenium.remote.service.DriverCommandExecutor.execute(DriverCommandExecutor.java:83)
	at org.openqa.selenium.remote.RemoteWebDriver.execute(RemoteWebDriver.java:552)
	at org.openqa.selenium.remote.RemoteWebDriver.get(RemoteWebDriver.java:277)
	at stepDefinitions.US01_TextBoxStepDefinitions.demoqa_anasayfaya_gidin(US01_TextBoxStepDefinitions.java:21)
	at ✽.demoqa anasayfaya gidin(file:///C:/Users/BEST%20TECH/IdeaProjects/demoqaProject2/src/test/resources/features/US01_Textbox.feature:4)
]]>
        </failure>
    </testcase>
    <testcase classname="TextBox" name="_6" time="24.451">
        <failure message="chrome not reachable&#10;  (Session info: chrome=96.0.4664.93)&#10;Build info: version: '3.141.59', revision: 'e82be7d358', time: '2018-11-14T08:17:03'&#10;System info: host: 'DESKTOP-OQC39B2', ip: '192.168.43.157', os.name: 'Windows 10', os.arch: 'amd64', os.version: '10.0', java.version: '11.0.12'&#10;Driver info: org.openqa.selenium.chrome.ChromeDriver&#10;Capabilities {acceptInsecureCerts: false, browserName: chrome, browserVersion: 96.0.4664.93, chrome: {chromedriverVersion: 96.0.4664.45 (76e4c1bb2ab46..., userDataDir: C:\Users\BESTTE~1\AppData\L...}, goog:chromeOptions: {debuggerAddress: localhost:60525}, javascriptEnabled: true, networkConnectionEnabled: false, pageLoadStrategy: normal, platform: WINDOWS, platformName: WINDOWS, proxy: Proxy(), setWindowRect: true, strictFileInteractability: false, timeouts: {implicit: 0, pageLoad: 300000, script: 30000}, unhandledPromptBehavior: dismiss and notify, webauthn:extension:credBlob: true, webauthn:extension:largeBlob: true, webauthn:virtualAuthenticators: true}&#10;Session ID: fc082c21c71a6b3498670f3d7b0eb274" type="org.openqa.selenium.WebDriverException">
            <![CDATA[Given demoqa anasayfaya gidin...............................................failed
Then elements butonuna basiniz..............................................skipped
And textbox butonuna tiklayiniz.............................................skipped
And Name  giriniz "said"....................................................skipped
And email giriniz "der@gmail.com"...........................................skipped
And currentadres giriniz "adres5"...........................................skipped
And PermanentAdres giriniz "2345"...........................................skipped
And submit butonuna tiklayin................................................skipped
Then isim onaylandigini dogrulayiniz "said".................................skipped
Then mail onaylandigini dogrulayiniz "der@gmail.com"........................skipped
Then currentadres onaylandigini dogrulayiniz "adres5".......................skipped
Then permanentadres onaylandigini dogrulayiniz "2345".......................skipped

StackTrace:
org.openqa.selenium.WebDriverException: chrome not reachable
  (Session info: chrome=96.0.4664.93)
Build info: version: '3.141.59', revision: 'e82be7d358', time: '2018-11-14T08:17:03'
System info: host: 'DESKTOP-OQC39B2', ip: '192.168.43.157', os.name: 'Windows 10', os.arch: 'amd64', os.version: '10.0', java.version: '11.0.12'
Driver info: org.openqa.selenium.chrome.ChromeDriver
Capabilities {acceptInsecureCerts: false, browserName: chrome, browserVersion: 96.0.4664.93, chrome: {chromedriverVersion: 96.0.4664.45 (76e4c1bb2ab46..., userDataDir: C:\Users\BESTTE~1\AppData\L...}, goog:chromeOptions: {debuggerAddress: localhost:60525}, javascriptEnabled: true, networkConnectionEnabled: false, pageLoadStrategy: normal, platform: WINDOWS, platformName: WINDOWS, proxy: Proxy(), setWindowRect: true, strictFileInteractability: false, timeouts: {implicit: 0, pageLoad: 300000, script: 30000}, unhandledPromptBehavior: dismiss and notify, webauthn:extension:credBlob: true, webauthn:extension:largeBlob: true, webauthn:virtualAuthenticators: true}
Session ID: fc082c21c71a6b3498670f3d7b0eb274
	at java.base/jdk.internal.reflect.NativeConstructorAccessorImpl.newInstance0(Native Method)
	at java.base/jdk.internal.reflect.NativeConstructorAccessorImpl.newInstance(NativeConstructorAccessorImpl.java:62)
	at java.base/jdk.internal.reflect.DelegatingConstructorAccessorImpl.newInstance(DelegatingConstructorAccessorImpl.java:45)
	at java.base/java.lang.reflect.Constructor.newInstance(Constructor.java:490)
	at org.openqa.selenium.remote.http.W3CHttpResponseCodec.createException(W3CHttpResponseCodec.java:187)
	at org.openqa.selenium.remote.http.W3CHttpResponseCodec.decode(W3CHttpResponseCodec.java:122)
	at org.openqa.selenium.remote.http.W3CHttpResponseCodec.decode(W3CHttpResponseCodec.java:49)
	at org.openqa.selenium.remote.HttpCommandExecutor.execute(HttpCommandExecutor.java:158)
	at org.openqa.selenium.remote.service.DriverCommandExecutor.execute(DriverCommandExecutor.java:83)
	at org.openqa.selenium.remote.RemoteWebDriver.execute(RemoteWebDriver.java:552)
	at org.openqa.selenium.remote.RemoteWebDriver.get(RemoteWebDriver.java:277)
	at stepDefinitions.US01_TextBoxStepDefinitions.demoqa_anasayfaya_gidin(US01_TextBoxStepDefinitions.java:21)
	at ✽.demoqa anasayfaya gidin(file:///C:/Users/BEST%20TECH/IdeaProjects/demoqaProject2/src/test/resources/features/US01_Textbox.feature:4)
]]>
        </failure>
    </testcase>
</testsuite>
