<?xml version="1.0" encoding="UTF-8" standalone="no"?>
<testsuite errors="0" failures="1" name="io.cucumber.core.plugin.JUnitFormatter" skipped="0" tests="1" time="17.916">
    <testcase classname="Unknown" name="TC_03_Delete" time="17.662">
        <failure message="" type="java.lang.AssertionError">
            <![CDATA[Given demoqa anasayfaya gidin...............................................passed
Then elements butonuna basiniz..............................................passed
And webTables butonuna basiniz..............................................passed
Given delete butonuna basiniz...............................................passed
And kaydin silindigini dogrulayin...........................................failed

StackTrace:
java.lang.AssertionError
	at org.junit.Assert.fail(Assert.java:87)
	at org.junit.Assert.assertTrue(Assert.java:42)
	at org.junit.Assert.assertFalse(Assert.java:65)
	at org.junit.Assert.assertFalse(Assert.java:75)
	at stepDefinitions.WebTablesStepDefinitions.kaydinSilindiginiDogrulayin(WebTablesStepDefinitions.java:114)
	at âœ½.kaydin silindigini dogrulayin(file:///C:/Users/BEST%20TECH/IdeaProjects/demoqaProject2/src/test/resources/features/US04_WebTablesButton.feature:39)
]]>
        </failure>
    </testcase>
</testsuite>
